<?xml version="1.0" encoding="UTF-8"?>
<!-- Generated by org.testng.reporters.JUnitReportReporter -->
<testsuite hostname="DESKTOP-OED2DK9" failures="0" tests="6" name="fullauto.SequenceMethod" time="7.152" errors="0" timestamp="2024-07-25T19:19:15 IST" skipped="0">
  <testcase classname="fullauto.SequenceMethod" name="launch" time="3.740"/>
  <testcase classname="fullauto.SequenceMethod" name="checkbox" time="0.530"/>
  <testcase classname="fullauto.SequenceMethod" name="checkbox" time="0.496"/>
  <testcase classname="fullauto.SequenceMethod" name="contextClick" time="0.680"/>
  <testcase classname="fullauto.SequenceMethod" name="disappear" time="1.524"/>
  <testcase classname="fullauto.SequenceMethod" name="closeb" time="0.182"/>
</testsuite> <!-- fullauto.SequenceMethod -->
