<?xml version="1.0" encoding="UTF-8"?>
<!-- Generated by org.testng.reporters.JUnitReportReporter -->
<testsuite hostname="DESKTOP-OED2DK9" failures="0" tests="5" name="fullauto.SequenceMethod" time="17.098" errors="0" timestamp="2024-10-06T16:52:54 IST" skipped="0">
  <testcase classname="fullauto.SequenceMethod" name="checkbox" time="2.037"/>
  <testcase classname="fullauto.SequenceMethod" name="checkbox" time="2.088"/>
  <testcase classname="fullauto.SequenceMethod" name="contextClick" time="1.990"/>
  <testcase classname="fullauto.SequenceMethod" name="disappear" time="3.671"/>
  <testcase classname="fullauto.SequenceMethod" name="hover" time="7.312"/>
</testsuite> <!-- fullauto.SequenceMethod -->
