<?xml version="1.0" encoding="UTF-8"?>
<!-- Generated by org.testng.reporters.JUnitReportReporter -->
<testsuite hostname="DESKTOP-OED2DK9" failures="0" tests="2" name="com.project1.tstep" time="8.231" errors="0" timestamp="2024-06-10T12:23:36 IST" skipped="0">
  <testcase classname="com.project1.tstep" name="display" time="0.013"/>
  <testcase classname="com.project1.tstep" name="launch" time="8.218"/>
</testsuite> <!-- com.project1.tstep -->
